Base path: C:/Program Files (x86)/Unity/Editor/Data
Pipe name: \\.\pipe\UnityShaderCompiler-1-3884
Cmd: getPlatforms
Cmd: preprocess
  insize=10175 outsize=10175 ok=1
Cmd: preprocess
  insize=848 outsize=848 ok=1
Cmd: preprocess
  insize=495 outsize=495 ok=1
Cmd: preprocess
  insize=876 outsize=876 ok=1
Cmd: preprocess
  insize=769 outsize=769 ok=1
Cmd: preprocess
  insize=2000 outsize=1401 ok=1
Cmd: compileSnippet
  api=4 type=0 insize=6118 outsize=4378 kw=DIRECTIONAL SHADOWS_OFF LIGHTMAP_OFF DIRLIGHTMAP_OFF ok=1
Cmd: compileSnippet
  api=4 type=1 insize=6118 outsize=2891 kw=DIRECTIONAL SHADOWS_OFF LIGHTMAP_OFF DIRLIGHTMAP_OFF ok=1
Cmd: compileSnippet
  api=4 type=0 insize=3971 outsize=4028 kw=POINT ok=1
Cmd: compileSnippet
  api=4 type=1 insize=3971 outsize=3216 kw=POINT ok=1
Cmd: compileSnippet
  api=4 type=0 insize=3693 outsize=3005 kw= ok=1
Cmd: compileSnippet
  api=4 type=1 insize=3693 outsize=1640 kw= ok=1
Cmd: compileSnippet
  api=4 type=0 insize=5438 outsize=3118 kw=LIGHTMAP_OFF DIRLIGHTMAP_OFF HDR_LIGHT_PREPASS_OFF ok=1
Cmd: compileSnippet
  api=4 type=1 insize=5438 outsize=1697 kw=LIGHTMAP_OFF DIRLIGHTMAP_OFF HDR_LIGHT_PREPASS_OFF ok=1
Cmd: preprocess
  insize=638 outsize=638 ok=1
Cmd: preprocess
  insize=1426 outsize=1426 ok=1
Cmd: preprocess
  insize=334 outsize=334 ok=1
Cmd: preprocess
  insize=664 outsize=664 ok=1
Cmd: preprocess
  insize=1000 outsize=1000 ok=1
